[INFO] Scanning for projects...
[INFO] 
[INFO] --------------------< com.nexusmall:nexusmall-cart >--------------------
[INFO] Building nexusmall-cart 0.0.1-SNAPSHOT
[INFO]   from pom.xml
[INFO] --------------------------------[ jar ]---------------------------------
[WARNING] The POM for com.alibaba:druid:jar:1.2.6 is invalid, transitive dependencies (if any) will not be available: 2 problems were encountered while building the effective model for com.alibaba:druid:1.2.6
[ERROR] 'dependencies.dependency.systemPath' for com.sun:tools:jar must specify an absolute path but is ${project.basedir}/lib/openjdk-1.8-tools.jar @ 
[ERROR] 'dependencies.dependency.systemPath' for com.sun:jconsole:jar must specify an absolute path but is ${project.basedir}/lib/openjdk-1.8-jconsole.jar @ 

[WARNING] The artifact mysql:mysql-connector-java:jar:8.0.33 has been relocated to com.mysql:mysql-connector-j:jar:8.0.33: MySQL Connector/J artifacts moved to reverse-DNS compliant Maven 2+ coordinates.
[INFO] 
[INFO] --- jacoco:0.8.11:prepare-agent (prepare-agent) @ nexusmall-cart ---
[INFO] argLine set to -javaagent:C:\\Users\\shudl\\.m2\\repository\\org\\jacoco\\org.jacoco.agent\\0.8.11\\org.jacoco.agent-0.8.11-runtime.jar=destfile=D:\\IdeaProjects\\nexusmall\\nexusmall-cart\\target\\jacoco.exec,append=true
[INFO] 
[INFO] --- resources:3.2.0:resources (default-resources) @ nexusmall-cart ---
[INFO] Using 'UTF-8' encoding to copy filtered resources.
[INFO] Using 'UTF-8' encoding to copy filtered properties files.
[INFO] Copying 0 resource
[INFO] Copying 1 resource
[INFO] 
[INFO] --- compiler:3.10.1:compile (default-compile) @ nexusmall-cart ---
[INFO] Changes detected - recompiling the module!
[INFO] Compiling 9 source files to D:\IdeaProjects\nexusmall\nexusmall-cart\target\classes
[INFO] -------------------------------------------------------------
[ERROR] COMPILATION ERROR : 
[INFO] -------------------------------------------------------------
[ERROR] /D:/IdeaProjects/nexusmall/nexusmall-cart/src/main/java/com/nexusmall/cart/config/WebConfig.java:[3,40] 程序包com.nexusmall.common.interceptor不存在
[ERROR] /D:/IdeaProjects/nexusmall/nexusmall-cart/src/main/java/com/nexusmall/cart/config/WebConfig.java:[25,12] 找不到符号
  符号:   类 ApiVersionInterceptor
  位置: 类 com.nexusmall.cart.config.WebConfig
[ERROR] /D:/IdeaProjects/nexusmall/nexusmall-cart/src/main/java/com/nexusmall/cart/controller/CartController.java:[4,39] 找不到符号
  符号:   类 ApiVersion
  位置: 程序包 com.nexusmall.common.annotation
[ERROR] /D:/IdeaProjects/nexusmall/nexusmall-cart/src/main/java/com/nexusmall/cart/controller/CartController.java:[5,37] 找不到符号
  符号:   类 ApiVersionConstants
  位置: 程序包 com.nexusmall.common.constant
[ERROR] /D:/IdeaProjects/nexusmall/nexusmall-cart/src/main/java/com/nexusmall/cart/controller/CartController.java:[41,6] 找不到符号
  符号:   类 ApiVersion
  位置: 类 com.nexusmall.cart.controller.CartController
[ERROR] /D:/IdeaProjects/nexusmall/nexusmall-cart/src/main/java/com/nexusmall/cart/controller/CartController.java:[62,6] 找不到符号
  符号:   类 ApiVersion
  位置: 类 com.nexusmall.cart.controller.CartController
[ERROR] /D:/IdeaProjects/nexusmall/nexusmall-cart/src/main/java/com/nexusmall/cart/controller/CartController.java:[74,6] 找不到符号
  符号:   类 ApiVersion
  位置: 类 com.nexusmall.cart.controller.CartController
[ERROR] /D:/IdeaProjects/nexusmall/nexusmall-cart/src/main/java/com/nexusmall/cart/controller/CartController.java:[90,6] 找不到符号
  符号:   类 ApiVersion
  位置: 类 com.nexusmall.cart.controller.CartController
[ERROR] /D:/IdeaProjects/nexusmall/nexusmall-cart/src/main/java/com/nexusmall/cart/controller/CartController.java:[105,6] 找不到符号
  符号:   类 ApiVersion
  位置: 类 com.nexusmall.cart.controller.CartController
[INFO] 9 errors 
[INFO] -------------------------------------------------------------
[INFO] ------------------------------------------------------------------------
[INFO] BUILD FAILURE
[INFO] ------------------------------------------------------------------------
[INFO] Total time:  3.036 s
[INFO] Finished at: 2026-04-06T20:57:07+08:00
[INFO] ------------------------------------------------------------------------
[ERROR] Failed to execute goal org.apache.maven.plugins:maven-compiler-plugin:3.10.1:compile (default-compile) on project nexusmall-cart: Compilation failure: Compilation failure: 
[ERROR] /D:/IdeaProjects/nexusmall/nexusmall-cart/src/main/java/com/nexusmall/cart/config/WebConfig.java:[3,40] 程序包com.nexusmall.common.interceptor不存在
[ERROR] /D:/IdeaProjects/nexusmall/nexusmall-cart/src/main/java/com/nexusmall/cart/config/WebConfig.java:[25,12] 找不到符号
[ERROR]   符号:   类 ApiVersionInterceptor
[ERROR]   位置: 类 com.nexusmall.cart.config.WebConfig
[ERROR] /D:/IdeaProjects/nexusmall/nexusmall-cart/src/main/java/com/nexusmall/cart/controller/CartController.java:[4,39] 找不到符号
[ERROR]   符号:   类 ApiVersion
[ERROR]   位置: 程序包 com.nexusmall.common.annotation
[ERROR] /D:/IdeaProjects/nexusmall/nexusmall-cart/src/main/java/com/nexusmall/cart/controller/CartController.java:[5,37] 找不到符号
[ERROR]   符号:   类 ApiVersionConstants
[ERROR]   位置: 程序包 com.nexusmall.common.constant
[ERROR] /D:/IdeaProjects/nexusmall/nexusmall-cart/src/main/java/com/nexusmall/cart/controller/CartController.java:[41,6] 找不到符号
[ERROR]   符号:   类 ApiVersion
[ERROR]   位置: 类 com.nexusmall.cart.controller.CartController
[ERROR] /D:/IdeaProjects/nexusmall/nexusmall-cart/src/main/java/com/nexusmall/cart/controller/CartController.java:[62,6] 找不到符号
[ERROR]   符号:   类 ApiVersion
[ERROR]   位置: 类 com.nexusmall.cart.controller.CartController
[ERROR] /D:/IdeaProjects/nexusmall/nexusmall-cart/src/main/java/com/nexusmall/cart/controller/CartController.java:[74,6] 找不到符号
[ERROR]   符号:   类 ApiVersion
[ERROR]   位置: 类 com.nexusmall.cart.controller.CartController
[ERROR] /D:/IdeaProjects/nexusmall/nexusmall-cart/src/main/java/com/nexusmall/cart/controller/CartController.java:[90,6] 找不到符号
[ERROR]   符号:   类 ApiVersion
[ERROR]   位置: 类 com.nexusmall.cart.controller.CartController
[ERROR] /D:/IdeaProjects/nexusmall/nexusmall-cart/src/main/java/com/nexusmall/cart/controller/CartController.java:[105,6] 找不到符号
[ERROR]   符号:   类 ApiVersion
[ERROR]   位置: 类 com.nexusmall.cart.controller.CartController
[ERROR] -> [Help 1]
[ERROR] 
[ERROR] To see the full stack trace of the errors, re-run Maven with the -e switch.
[ERROR] Re-run Maven using the -X switch to enable full debug logging.
[ERROR] 
[ERROR] For more information about the errors and possible solutions, please read the following articles:
[ERROR] [Help 1] http://cwiki.apache.org/confluence/display/MAVEN/MojoFailureException
mvn : Picked up JAVA_TOOL_OPTIONS: -Dfile.encoding=UTF-8
所在位置 行:1 字符: 31
+ ... ts\nexusmall; mvn compile -pl nexusmall-cart -DskipTests 2>&1 | Out-F ...
+                   ~~~~~~~~~~~~~~~~~~~~~~~~~~~~~~~~~~~~~~~~~~~~~~~
    + CategoryInfo          : NotSpecified: (Picked up JAVA_....encoding=UTF-8:String) [], RemoteException
    + FullyQualifiedErrorId : NativeCommandError
 
